更新日志（由寂静的羽夏编写）：

v1.0 beta:
1. 实现了最基本十六进制编辑功能

v1.0:
1. 完整实现了插件系统
2. 更新插件示例代码，与插件系统保持适配
3. 修复驱动器选择对话框会有多余无法打开项目的 Bug
4. 增加填充功能

v1.1:
1. 修复在 ROOT 模式下，软件主题走形的问题
2. 重构驱动器打开代码，使易用性提升
3. 增加一些 ToolTip ，提高易用性
4. 增加一些 GUI 友好代码，修复可以被作为 Bug 的界面显示问题
5. 增加保存选择字节到文件的功能
6. 当插件启用时，允许手动通过菜单加载合法的外部插件
7. 当插件禁用时，修复使插件菜单栏被禁用
8. 增加设置的一些提示

v1.2:
1. 修复菜单栏在关闭文件之后，菜单启用状态错误的问题
2. 增加当前是否是 ROOT 的显著提示，提醒着注意是 ROOT 权限，请谨慎操作
3. 增加多文字编码的支持（搜索、字符串解码显示以及相应插件接口）
4. 增加快捷键，增强易用性
5. 修复菜单项被禁用但仍能被快捷键调用的问题
6. 修复书签在关闭窗体后缓存不清理的问题
7. 增加保存工作区的功能，保存你的工作记录（包含相应的插件接口）
8. 修复标记不能够正确删除的问题
9. 删除没必要的数值显示（即同时显示十进制和十六进制对应的条目）
10. 增强设置标记功能
11. 增加了一些完成操作的提示，提高易用性
12. 增加撤销、重复的状态提示，指示是否可以继续撤销和重复
13. 增加最大搜索数量限制，防止因数量过多导致程序崩溃
14. 增加搜索方向和选区，充分发挥搜索功能
